<?xml version="1.0" encoding="UTF-8"?>
<!-- Generated by org.testng.reporters.JUnitXMLReporter -->
<testsuite hostname="Satish" ignored="0" name="Test" tests="6" failures="0" timestamp="2021-02-08T10:57:26 IST" time="0.079" errors="0">
  <testcase name="Automation" time="0.008" classname="mavacadamy.SeleniumTest"/>
  <testcase name="BrowserAutomation" time="0.001" classname="mavacadamy.SeleniumTest"/>
  <testcase name="RemainingAPI" time="0.001" classname="mavacadamy.RestAPI"/>
  <testcase name="ResAPI" time="0.0" classname="mavacadamy.RestAPI"/>
  <testcase name="MobileTesting" time="0.0" classname="mavacadamy.AppiumTest"/>
  <testcase name="celltesting" time="0.001" classname="mavacadamy.AppiumTest"/>
</testsuite> <!-- Test -->
